mode: set
goa.design/model/expr/element.go:40.32,40.52 1 0
goa.design/model/expr/element.go:43.30,44.38 1 1
goa.design/model/expr/element.go:44.38,46.3 1 0
goa.design/model/expr/element.go:50.41,50.53 1 0
goa.design/model/expr/element.go:53.45,55.2 1 1
goa.design/model/expr/element.go:58.46,60.18 2 1
goa.design/model/expr/element.go:64.2,64.56 1 1
goa.design/model/expr/element.go:60.18,63.3 2 0
goa.design/model/expr/element.go:69.55,70.20 1 1
goa.design/model/expr/element.go:73.2,75.24 3 1
goa.design/model/expr/element.go:87.2,87.27 1 1
goa.design/model/expr/element.go:99.2,99.34 1 1
goa.design/model/expr/element.go:70.20,72.3 1 1
goa.design/model/expr/element.go:75.24,77.28 2 1
goa.design/model/expr/element.go:83.3,83.13 1 1
goa.design/model/expr/element.go:77.28,78.16 1 1
goa.design/model/expr/element.go:78.16,80.10 2 0
goa.design/model/expr/element.go:83.13,85.4 1 1
goa.design/model/expr/element.go:87.27,89.28 2 1
goa.design/model/expr/element.go:95.3,95.13 1 1
goa.design/model/expr/element.go:89.28,90.16 1 1
goa.design/model/expr/element.go:90.16,92.10 2 0
goa.design/model/expr/element.go:95.13,97.4 1 1
goa.design/model/expr/person.go:19.36,20.18 1 1
goa.design/model/expr/person.go:23.2,23.41 1 1
goa.design/model/expr/person.go:20.18,22.3 1 1
goa.design/model/expr/person.go:27.29,30.2 2 1
goa.design/model/expr/person.go:33.44,35.23 2 1
goa.design/model/expr/person.go:38.2,38.12 1 1
goa.design/model/expr/person.go:35.23,37.3 1 1
goa.design/model/expr/registry.go:15.46,18.26 3 0
goa.design/model/expr/registry.go:22.2,23.25 2 0
goa.design/model/expr/registry.go:18.26,21.3 2 0
goa.design/model/expr/registry.go:23.25,25.3 1 0
goa.design/model/expr/registry.go:30.58,31.30 1 0
goa.design/model/expr/registry.go:31.30,32.37 1 0
goa.design/model/expr/registry.go:32.37,34.4 1 0
goa.design/model/expr/registry.go:42.36,43.29 1 1
goa.design/model/expr/registry.go:44.15,46.21 2 0
goa.design/model/expr/registry.go:47.23,49.21 2 0
goa.design/model/expr/registry.go:50.18,52.21 2 0
goa.design/model/expr/registry.go:53.18,55.21 2 1
goa.design/model/expr/registry.go:56.23,58.45 2 0
goa.design/model/expr/registry.go:61.3,62.21 2 0
goa.design/model/expr/registry.go:63.27,65.21 2 0
goa.design/model/expr/registry.go:66.26,68.21 2 0
goa.design/model/expr/registry.go:69.21,71.27 2 0
goa.design/model/expr/registry.go:76.3,77.21 2 0
goa.design/model/expr/registry.go:78.10,79.72 1 0
goa.design/model/expr/registry.go:58.45,60.4 1 0
goa.design/model/expr/registry.go:71.27,73.4 1 0
goa.design/model/expr/registry.go:73.9,75.4 1 0
goa.design/model/expr/registry.go:85.29,89.2 3 1
goa.design/model/expr/registry.go:100.38,104.25 4 1
goa.design/model/expr/registry.go:109.2,109.22 1 1
goa.design/model/expr/registry.go:115.2,116.30 2 1
goa.design/model/expr/registry.go:119.2,119.20 1 1
goa.design/model/expr/registry.go:104.25,108.3 3 1
goa.design/model/expr/registry.go:109.22,110.13 1 1
goa.design/model/expr/registry.go:113.3,113.30 1 0
goa.design/model/expr/registry.go:110.13,111.9 1 1
goa.design/model/expr/registry.go:116.30,118.3 1 1
goa.design/model/expr/render.go:10.32,12.26 2 0
goa.design/model/expr/render.go:13.22,15.41 2 0
goa.design/model/expr/render.go:16.20,18.41 2 0
goa.design/model/expr/render.go:19.22,23.84 4 0
goa.design/model/expr/render.go:24.22,29.44 5 0
goa.design/model/expr/render.go:30.23,31.39 1 0
goa.design/model/expr/render.go:36.10,37.58 1 0
goa.design/model/expr/render.go:31.39,32.61 1 0
goa.design/model/expr/render.go:32.61,34.5 1 0
goa.design/model/expr/render.go:43.36,45.26 1 0
goa.design/model/expr/render.go:46.22,47.20 1 0
goa.design/model/expr/render.go:48.20,51.29 3 0
goa.design/model/expr/render.go:52.22,55.34 3 0
goa.design/model/expr/render.go:59.22,62.34 3 0
goa.design/model/expr/render.go:67.23,68.20 1 0
goa.design/model/expr/render.go:55.34,58.4 2 0
goa.design/model/expr/render.go:62.34,66.4 3 0
goa.design/model/expr/render.go:75.56,76.42 1 0
goa.design/model/expr/render.go:80.2,80.37 1 0
goa.design/model/expr/render.go:76.42,79.3 2 0
goa.design/model/expr/render.go:80.37,82.46 2 0
goa.design/model/expr/render.go:92.2,93.26 1 0
goa.design/model/expr/render.go:82.46,83.36 1 0
goa.design/model/expr/render.go:83.36,84.41 1 0
goa.design/model/expr/render.go:84.41,85.44 1 0
goa.design/model/expr/render.go:85.44,87.12 2 0
goa.design/model/expr/render.go:93.26,95.50 1 0
goa.design/model/expr/render.go:107.4,107.42 1 0
goa.design/model/expr/render.go:114.4,115.45 2 0
goa.design/model/expr/render.go:123.4,123.50 1 0
goa.design/model/expr/render.go:131.4,131.25 1 0
goa.design/model/expr/render.go:135.4,141.7 1 0
goa.design/model/expr/render.go:95.50,96.40 1 0
goa.design/model/expr/render.go:96.40,97.19 1 0
goa.design/model/expr/render.go:107.42,109.47 2 0
goa.design/model/expr/render.go:112.5,112.14 1 0
goa.design/model/expr/render.go:109.47,111.6 1 0
goa.design/model/expr/render.go:116.25,117.20 1 0
goa.design/model/expr/render.go:118.29,119.27 1 0
goa.design/model/expr/render.go:120.28,121.27 1 0
goa.design/model/expr/render.go:124.25,125.21 1 0
goa.design/model/expr/render.go:126.29,127.28 1 0
goa.design/model/expr/render.go:128.28,129.28 1 0
goa.design/model/expr/render.go:131.25,132.18 1 0
goa.design/model/expr/render.go:146.42,147.26 1 0
goa.design/model/expr/render.go:148.22,150.57 2 0
goa.design/model/expr/render.go:151.20,153.57 2 0
goa.design/model/expr/render.go:154.22,157.52 3 0
goa.design/model/expr/render.go:158.22,162.52 4 0
goa.design/model/expr/render.go:163.23,165.60 2 0
goa.design/model/expr/render.go:170.40,173.30 3 0
goa.design/model/expr/render.go:186.2,186.29 1 0
goa.design/model/expr/render.go:199.2,199.42 1 0
goa.design/model/expr/render.go:173.30,174.37 1 0
goa.design/model/expr/render.go:179.3,179.42 1 0
goa.design/model/expr/render.go:174.37,175.47 1 0
goa.design/model/expr/render.go:175.47,177.5 1 0
goa.design/model/expr/render.go:179.42,180.32 1 0
goa.design/model/expr/render.go:180.32,182.5 1 0
goa.design/model/expr/render.go:186.29,187.37 1 0
goa.design/model/expr/render.go:192.3,192.42 1 0
goa.design/model/expr/render.go:187.37,188.47 1 0
goa.design/model/expr/render.go:188.47,190.5 1 0
goa.design/model/expr/render.go:192.42,193.32 1 0
goa.design/model/expr/render.go:193.32,195.5 1 0
goa.design/model/expr/render.go:199.42,202.50 3 0
goa.design/model/expr/render.go:209.3,209.12 1 0
goa.design/model/expr/render.go:219.3,219.12 1 0
goa.design/model/expr/render.go:202.50,203.50 1 0
goa.design/model/expr/render.go:203.50,205.5 1 0
goa.design/model/expr/render.go:205.10,205.57 1 0
goa.design/model/expr/render.go:205.57,207.5 1 0
goa.design/model/expr/render.go:209.12,211.52 2 0
goa.design/model/expr/render.go:211.52,212.52 1 0
goa.design/model/expr/render.go:212.52,214.6 1 0
goa.design/model/expr/render.go:214.11,214.59 1 0
goa.design/model/expr/render.go:214.59,216.6 1 0
goa.design/model/expr/render.go:219.12,221.4 1 0
goa.design/model/expr/render.go:226.51,227.38 1 0
goa.design/model/expr/render.go:227.38,229.43 2 0
goa.design/model/expr/render.go:229.43,230.34 1 0
goa.design/model/expr/render.go:241.4,241.25 1 0
goa.design/model/expr/render.go:244.4,244.39 1 0
goa.design/model/expr/render.go:254.4,254.46 1 0
goa.design/model/expr/render.go:230.34,232.27 2 0
goa.design/model/expr/render.go:237.5,237.26 1 0
goa.design/model/expr/render.go:232.27,234.6 1 0
goa.design/model/expr/render.go:234.11,234.39 1 0
goa.design/model/expr/render.go:234.39,236.6 1 0
goa.design/model/expr/render.go:237.26,238.11 1 0
goa.design/model/expr/render.go:241.25,242.10 1 0
goa.design/model/expr/render.go:244.39,245.38 1 0
goa.design/model/expr/render.go:250.5,250.26 1 0
goa.design/model/expr/render.go:245.38,247.6 1 0
goa.design/model/expr/render.go:247.11,247.50 1 0
goa.design/model/expr/render.go:247.50,249.6 1 0
goa.design/model/expr/render.go:250.26,251.11 1 0
goa.design/model/expr/render.go:254.46,256.5 1 0
goa.design/model/expr/render.go:263.55,264.26 1 0
goa.design/model/expr/render.go:264.26,266.38 2 0
goa.design/model/expr/render.go:282.3,282.40 1 0
goa.design/model/expr/render.go:266.38,267.29 1 0
goa.design/model/expr/render.go:267.29,270.5 2 0
goa.design/model/expr/render.go:270.10,273.45 2 0
goa.design/model/expr/render.go:279.5,279.52 1 0
goa.design/model/expr/render.go:273.45,274.59 1 0
goa.design/model/expr/render.go:274.59,277.7 2 0
goa.design/model/expr/render.go:286.57,288.42 2 0
goa.design/model/expr/render.go:294.2,294.49 1 0
goa.design/model/expr/render.go:288.42,289.110 1 0
goa.design/model/expr/render.go:289.110,292.4 2 0
goa.design/model/expr/render.go:299.49,301.36 1 0
goa.design/model/expr/render.go:309.2,309.8 1 0
goa.design/model/expr/render.go:301.36,302.42 1 0
goa.design/model/expr/render.go:307.3,307.36 1 0
goa.design/model/expr/render.go:302.42,303.75 1 0
goa.design/model/expr/render.go:303.75,304.18 1 0
goa.design/model/expr/render.go:314.48,315.25 1 0
goa.design/model/expr/render.go:323.2,323.45 1 0
goa.design/model/expr/render.go:335.2,335.8 1 0
goa.design/model/expr/render.go:315.25,316.26 1 0
goa.design/model/expr/render.go:321.3,321.23 1 0
goa.design/model/expr/render.go:316.26,317.21 1 0
goa.design/model/expr/render.go:317.21,319.5 1 0
goa.design/model/expr/render.go:323.45,324.29 1 0
goa.design/model/expr/render.go:329.3,329.34 1 0
goa.design/model/expr/render.go:324.29,325.57 1 0
goa.design/model/expr/render.go:325.57,327.5 1 0
goa.design/model/expr/render.go:329.34,330.52 1 0
goa.design/model/expr/render.go:330.52,332.5 1 0
goa.design/model/expr/render.go:340.66,341.33 1 0
goa.design/model/expr/render.go:349.2,349.45 1 0
goa.design/model/expr/render.go:361.2,361.8 1 0
goa.design/model/expr/render.go:341.33,342.26 1 0
goa.design/model/expr/render.go:347.3,347.23 1 0
goa.design/model/expr/render.go:342.26,343.21 1 0
goa.design/model/expr/render.go:343.21,345.5 1 0
goa.design/model/expr/render.go:349.45,350.29 1 0
goa.design/model/expr/render.go:355.3,355.34 1 0
goa.design/model/expr/render.go:350.29,351.65 1 0
goa.design/model/expr/render.go:351.65,353.5 1 0
goa.design/model/expr/render.go:355.34,356.60 1 0
goa.design/model/expr/render.go:356.60,358.5 1 0
goa.design/model/expr/render.go:366.56,367.29 1 0
goa.design/model/expr/render.go:375.2,375.45 1 0
goa.design/model/expr/render.go:387.2,387.8 1 0
goa.design/model/expr/render.go:367.29,368.26 1 0
goa.design/model/expr/render.go:373.3,373.24 1 0
goa.design/model/expr/render.go:368.26,369.22 1 0
goa.design/model/expr/render.go:369.22,371.5 1 0
goa.design/model/expr/render.go:375.45,376.29 1 0
goa.design/model/expr/render.go:381.3,381.34 1 0
goa.design/model/expr/render.go:376.29,377.60 1 0
goa.design/model/expr/render.go:377.60,379.5 1 0
goa.design/model/expr/render.go:381.34,382.55 1 0
goa.design/model/expr/render.go:382.55,384.5 1 0
goa.design/model/expr/render.go:392.56,393.28 1 0
goa.design/model/expr/render.go:401.2,401.45 1 0
goa.design/model/expr/render.go:413.2,413.8 1 0
goa.design/model/expr/render.go:393.28,394.26 1 0
goa.design/model/expr/render.go:399.3,399.23 1 0
goa.design/model/expr/render.go:394.26,395.21 1 0
goa.design/model/expr/render.go:395.21,397.5 1 0
goa.design/model/expr/render.go:401.45,402.29 1 0
goa.design/model/expr/render.go:407.3,407.34 1 0
goa.design/model/expr/render.go:402.29,403.60 1 0
goa.design/model/expr/render.go:403.60,405.5 1 0
goa.design/model/expr/render.go:407.34,408.55 1 0
goa.design/model/expr/render.go:408.55,410.5 1 0
goa.design/model/expr/render.go:418.74,419.37 1 0
goa.design/model/expr/render.go:427.2,427.45 1 0
goa.design/model/expr/render.go:439.2,439.8 1 0
goa.design/model/expr/render.go:419.37,420.27 1 0
goa.design/model/expr/render.go:425.3,425.23 1 0
goa.design/model/expr/render.go:420.27,421.22 1 0
goa.design/model/expr/render.go:421.22,423.5 1 0
goa.design/model/expr/render.go:427.45,428.29 1 0
goa.design/model/expr/render.go:433.3,433.34 1 0
goa.design/model/expr/render.go:428.29,429.71 1 0
goa.design/model/expr/render.go:429.71,431.5 1 0
goa.design/model/expr/render.go:433.34,434.66 1 0
goa.design/model/expr/render.go:434.66,436.5 1 0
goa.design/model/expr/render.go:444.72,445.37 1 0
goa.design/model/expr/render.go:453.2,453.45 1 0
goa.design/model/expr/render.go:465.2,465.8 1 0
goa.design/model/expr/render.go:445.37,446.27 1 0
goa.design/model/expr/render.go:451.3,451.24 1 0
goa.design/model/expr/render.go:446.27,447.23 1 0
goa.design/model/expr/render.go:447.23,449.5 1 0
goa.design/model/expr/render.go:453.45,454.29 1 0
goa.design/model/expr/render.go:459.3,459.34 1 0
goa.design/model/expr/render.go:454.29,455.69 1 0
goa.design/model/expr/render.go:455.69,457.5 1 0
goa.design/model/expr/render.go:459.34,460.64 1 0
goa.design/model/expr/render.go:460.64,462.5 1 0
goa.design/model/expr/render.go:470.69,473.35 2 0
goa.design/model/expr/render.go:481.2,481.8 1 0
goa.design/model/expr/render.go:473.35,474.26 1 0
goa.design/model/expr/render.go:479.3,479.35 1 0
goa.design/model/expr/render.go:474.26,475.26 1 0
goa.design/model/expr/render.go:475.26,476.18 1 0
goa.design/model/expr/render.go:485.58,486.36 1 0
goa.design/model/expr/render.go:495.2,495.8 1 0
goa.design/model/expr/render.go:486.36,488.28 2 0
goa.design/model/expr/render.go:488.28,489.18 1 0
goa.design/model/expr/render.go:489.18,491.10 2 0
goa.design/model/expr/component.go:20.39,21.18 1 1
goa.design/model/expr/component.go:24.2,24.44 1 1
goa.design/model/expr/component.go:21.18,23.3 1 1
goa.design/model/expr/component.go:28.32,31.2 2 1
goa.design/model/expr/component.go:34.49,36.24 2 1
goa.design/model/expr/component.go:39.2,39.12 1 1
goa.design/model/expr/component.go:36.24,38.3 1 1
goa.design/model/expr/deployment.go:64.51,66.2 1 0
goa.design/model/expr/deployment.go:69.44,69.96 1 0
goa.design/model/expr/deployment.go:72.37,75.2 2 0
goa.design/model/expr/deployment.go:79.61,80.32 1 0
goa.design/model/expr/deployment.go:85.2,85.12 1 0
goa.design/model/expr/deployment.go:80.32,81.22 1 0
goa.design/model/expr/deployment.go:81.22,83.4 1 0
goa.design/model/expr/deployment.go:90.78,91.42 1 0
goa.design/model/expr/deployment.go:96.2,96.12 1 0
goa.design/model/expr/deployment.go:91.42,92.21 1 0
goa.design/model/expr/deployment.go:92.21,94.4 1 0
goa.design/model/expr/deployment.go:101.103,102.42 1 0
goa.design/model/expr/deployment.go:107.2,107.12 1 0
goa.design/model/expr/deployment.go:102.42,103.67 1 0
goa.design/model/expr/deployment.go:103.67,105.4 1 0
goa.design/model/expr/deployment.go:117.98,118.42 1 0
goa.design/model/expr/deployment.go:123.2,123.12 1 0
goa.design/model/expr/deployment.go:118.42,119.53 1 0
goa.design/model/expr/deployment.go:119.53,121.4 1 0
goa.design/model/expr/deployment.go:137.70,139.21 2 0
goa.design/model/expr/deployment.go:144.2,144.25 1 0
goa.design/model/expr/deployment.go:147.2,147.24 1 0
goa.design/model/expr/deployment.go:150.2,150.47 1 0
goa.design/model/expr/deployment.go:153.2,153.17 1 0
goa.design/model/expr/deployment.go:139.21,143.3 3 0
goa.design/model/expr/deployment.go:144.25,146.3 1 0
goa.design/model/expr/deployment.go:147.24,149.3 1 0
goa.design/model/expr/deployment.go:150.47,151.29 1 0
goa.design/model/expr/deployment.go:151.29,151.54 2 0
goa.design/model/expr/deployment.go:164.91,166.21 2 0
goa.design/model/expr/deployment.go:171.2,171.25 1 0
goa.design/model/expr/deployment.go:174.2,174.24 1 0
goa.design/model/expr/deployment.go:177.2,177.47 1 0
goa.design/model/expr/deployment.go:180.2,180.17 1 0
goa.design/model/expr/deployment.go:166.21,170.3 3 0
goa.design/model/expr/deployment.go:171.25,173.3 1 0
goa.design/model/expr/deployment.go:174.24,176.3 1 0
goa.design/model/expr/deployment.go:177.47,178.29 1 0
goa.design/model/expr/deployment.go:178.29,178.54 2 0
goa.design/model/expr/deployment.go:193.89,196.21 3 0
goa.design/model/expr/deployment.go:201.2,201.26 1 0
goa.design/model/expr/deployment.go:204.2,204.25 1 0
goa.design/model/expr/deployment.go:207.2,208.47 2 0
goa.design/model/expr/deployment.go:211.2,211.17 1 0
goa.design/model/expr/deployment.go:196.21,200.3 3 0
goa.design/model/expr/deployment.go:201.26,203.3 1 0
goa.design/model/expr/deployment.go:204.25,206.3 1 0
goa.design/model/expr/deployment.go:208.47,209.29 1 0
goa.design/model/expr/deployment.go:209.29,209.55 2 0
goa.design/model/expr/deployment.go:215.48,217.2 1 0
goa.design/model/expr/deployment.go:220.41,223.2 2 0
goa.design/model/expr/deployment.go:226.48,228.44 2 0
goa.design/model/expr/deployment.go:231.2,231.59 1 0
goa.design/model/expr/deployment.go:228.44,230.3 1 0
goa.design/model/expr/deployment.go:235.41,238.2 2 0
goa.design/model/expr/deployment.go:241.42,243.2 1 0
goa.design/model/expr/deployment.go:246.59,248.25 2 0
goa.design/model/expr/deployment.go:251.2,251.12 1 0
goa.design/model/expr/deployment.go:248.25,250.3 1 0
goa.design/model/expr/deployment.go:255.57,257.24 2 0
goa.design/model/expr/deployment.go:260.2,260.12 1 0
goa.design/model/expr/deployment.go:257.24,259.3 1 0
goa.design/model/expr/system.go:22.44,23.18 1 0
goa.design/model/expr/system.go:26.2,26.50 1 0
goa.design/model/expr/system.go:23.18,25.3 1 0
goa.design/model/expr/system.go:30.37,33.2 2 0
goa.design/model/expr/system.go:36.53,38.23 2 0
goa.design/model/expr/system.go:41.2,41.12 1 0
goa.design/model/expr/system.go:38.23,40.3 1 0
goa.design/model/expr/system.go:45.60,46.33 1 0
goa.design/model/expr/system.go:51.2,51.12 1 0
goa.design/model/expr/system.go:46.33,47.21 1 0
goa.design/model/expr/system.go:47.21,49.4 1 0
goa.design/model/expr/system.go:63.64,65.21 2 0
goa.design/model/expr/system.go:70.2,70.25 1 0
goa.design/model/expr/system.go:73.2,73.24 1 0
goa.design/model/expr/system.go:76.2,76.17 1 0
goa.design/model/expr/system.go:79.2,80.35 2 0
goa.design/model/expr/system.go:83.2,83.47 1 0
goa.design/model/expr/system.go:86.2,86.17 1 0
goa.design/model/expr/system.go:65.21,69.3 3 0
goa.design/model/expr/system.go:70.25,72.3 1 0
goa.design/model/expr/system.go:73.24,75.3 1 0
goa.design/model/expr/system.go:76.17,78.3 1 0
goa.design/model/expr/system.go:80.35,82.3 1 0
goa.design/model/expr/system.go:83.47,84.29 1 0
goa.design/model/expr/system.go:84.29,84.54 2 0
goa.design/model/expr/container.go:22.39,23.18 1 1
goa.design/model/expr/container.go:26.2,26.44 1 1
goa.design/model/expr/container.go:23.18,25.3 1 1
goa.design/model/expr/container.go:30.32,33.2 2 1
goa.design/model/expr/container.go:36.48,38.23 2 1
goa.design/model/expr/container.go:41.2,41.12 1 1
goa.design/model/expr/container.go:38.23,40.3 1 1
goa.design/model/expr/container.go:45.55,46.34 1 1
goa.design/model/expr/container.go:51.2,51.12 1 1
goa.design/model/expr/container.go:46.34,47.22 1 1
goa.design/model/expr/container.go:47.22,49.4 1 1
goa.design/model/expr/container.go:62.61,64.21 2 1
goa.design/model/expr/container.go:69.2,69.27 1 1
goa.design/model/expr/container.go:72.2,72.26 1 1
goa.design/model/expr/container.go:75.2,75.19 1 1
goa.design/model/expr/container.go:78.2,79.47 2 1
goa.design/model/expr/container.go:82.2,82.17 1 1
goa.design/model/expr/container.go:64.21,68.3 3 1
goa.design/model/expr/container.go:69.27,71.3 1 1
goa.design/model/expr/container.go:72.26,74.3 1 1
goa.design/model/expr/container.go:75.19,77.3 1 1
goa.design/model/expr/container.go:79.47,80.29 1 1
goa.design/model/expr/container.go:80.29,80.56 2 0
goa.design/model/expr/relationship.go:46.42,48.21 2 0
goa.design/model/expr/relationship.go:51.2,51.26 1 0
goa.design/model/expr/relationship.go:54.2,54.76 1 0
goa.design/model/expr/relationship.go:48.21,50.3 1 0
goa.design/model/expr/relationship.go:51.26,53.3 1 0
goa.design/model/expr/relationship.go:58.35,60.51 1 0
goa.design/model/expr/relationship.go:63.2,63.54 1 0
goa.design/model/expr/relationship.go:60.51,62.3 1 0
goa.design/model/expr/relationship.go:69.68,81.2 3 0
goa.design/model/expr/relationship.go:84.50,86.2 1 0
goa.design/model/expr/view_props.go:133.57,134.36 1 0
goa.design/model/expr/view_props.go:139.2,139.12 1 0
goa.design/model/expr/view_props.go:134.36,135.26 1 0
goa.design/model/expr/view_props.go:135.26,137.4 1 0
goa.design/model/expr/view_props.go:143.40,143.52 1 0
goa.design/model/expr/view_props.go:146.39,148.9 2 0
goa.design/model/expr/view_props.go:154.2,154.35 1 0
goa.design/model/expr/view_props.go:149.21,150.65 1 0
goa.design/model/expr/view_props.go:151.10,152.34 1 0
goa.design/model/expr/view_props.go:158.43,158.70 1 0
goa.design/model/expr/view_props.go:161.47,163.2 1 0
goa.design/model/expr/view_props.go:166.40,166.69 1 0
goa.design/model/expr/view_props.go:169.41,169.66 1 0
goa.design/model/expr/view_props.go:172.46,172.76 1 0
goa.design/model/expr/view_props.go:175.45,179.45 4 0
goa.design/model/expr/view_props.go:194.2,194.16 1 0
goa.design/model/expr/view_props.go:201.2,201.13 1 0
goa.design/model/expr/view_props.go:179.45,180.73 1 0
goa.design/model/expr/view_props.go:180.73,181.27 1 0
goa.design/model/expr/view_props.go:181.27,182.39 1 0
goa.design/model/expr/view_props.go:182.39,184.6 1 0
goa.design/model/expr/view_props.go:185.10,187.14 2 0
goa.design/model/expr/view_props.go:190.5,190.17 1 0
goa.design/model/expr/view_props.go:187.14,189.6 1 0
goa.design/model/expr/view_props.go:194.16,196.26 2 0
goa.design/model/expr/view_props.go:199.3,199.102 1 0
goa.design/model/expr/view_props.go:196.26,198.4 1 0
goa.design/model/expr/view_props.go:206.43,210.22 4 0
goa.design/model/expr/view_props.go:213.2,213.8 1 0
goa.design/model/expr/view_props.go:210.22,212.3 1 0
goa.design/model/expr/view_props.go:216.53,217.31 1 0
goa.design/model/expr/view_props.go:226.2,226.45 1 0
goa.design/model/expr/view_props.go:217.31,218.24 1 0
goa.design/model/expr/view_props.go:223.3,224.14 2 0
goa.design/model/expr/view_props.go:218.24,219.17 1 0
goa.design/model/expr/view_props.go:219.17,221.5 1 0
goa.design/model/expr/view_props.go:226.45,227.26 1 0
goa.design/model/expr/view_props.go:232.3,232.31 1 0
goa.design/model/expr/view_props.go:227.26,228.29 1 0
goa.design/model/expr/view_props.go:228.29,230.5 1 0
goa.design/model/expr/view_props.go:232.31,233.24 1 0
goa.design/model/expr/view_props.go:233.24,235.5 1 0
goa.design/model/expr/model.go:23.45,24.24 1 0
goa.design/model/expr/model.go:25.32,26.13 1 0
goa.design/model/expr/model.go:27.18,28.18 1 0
goa.design/model/expr/model.go:29.18,30.21 1 0
goa.design/model/expr/model.go:31.10,32.51 1 0
goa.design/model/expr/model.go:37.35,37.53 1 0
goa.design/model/expr/model.go:40.34,43.29 3 0
goa.design/model/expr/model.go:49.2,49.30 1 0
goa.design/model/expr/model.go:71.2,71.45 1 0
goa.design/model/expr/model.go:89.2,89.13 1 0
goa.design/model/expr/model.go:43.29,44.33 1 0
goa.design/model/expr/model.go:47.3,47.29 1 0
goa.design/model/expr/model.go:44.33,46.4 1 0
goa.design/model/expr/model.go:49.30,50.33 1 0
goa.design/model/expr/model.go:53.3,55.34 3 0
goa.design/model/expr/model.go:50.33,52.4 1 0
goa.design/model/expr/model.go:55.34,56.39 1 0
goa.design/model/expr/model.go:59.4,61.36 3 0
goa.design/model/expr/model.go:56.39,58.5 1 0
goa.design/model/expr/model.go:61.36,62.41 1 0
goa.design/model/expr/model.go:65.5,65.37 1 0
goa.design/model/expr/model.go:62.41,64.6 1 0
goa.design/model/expr/model.go:71.45,72.27 1 0
goa.design/model/expr/model.go:77.3,78.10 2 0
goa.design/model/expr/model.go:81.3,82.17 2 0
goa.design/model/expr/model.go:86.3,86.34 1 0
goa.design/model/expr/model.go:72.27,74.4 1 0
goa.design/model/expr/model.go:78.10,80.4 1 0
goa.design/model/expr/model.go:82.17,85.4 2 0
goa.design/model/expr/model.go:93.28,95.30 1 0
goa.design/model/expr/model.go:117.2,117.32 1 0
goa.design/model/expr/model.go:121.2,121.30 1 0
goa.design/model/expr/model.go:95.30,96.43 1 0
goa.design/model/expr/model.go:96.43,98.38 2 0
goa.design/model/expr/model.go:98.38,100.12 2 0
goa.design/model/expr/model.go:103.5,103.33 1 0
goa.design/model/expr/model.go:100.12,101.14 1 0
goa.design/model/expr/model.go:103.33,105.13 2 0
goa.design/model/expr/model.go:108.6,108.34 1 0
goa.design/model/expr/model.go:105.13,107.7 1 0
goa.design/model/expr/model.go:108.34,112.7 3 0
goa.design/model/expr/model.go:117.32,119.3 1 0
goa.design/model/expr/model.go:121.30,122.37 1 0
goa.design/model/expr/model.go:122.37,124.27 2 0
goa.design/model/expr/model.go:125.34,126.51 1 0
goa.design/model/expr/model.go:127.20,129.56 2 0
goa.design/model/expr/model.go:130.20,133.66 3 0
goa.design/model/expr/model.go:140.45,141.30 1 0
goa.design/model/expr/model.go:146.2,146.12 1 0
goa.design/model/expr/model.go:141.30,142.22 1 0
goa.design/model/expr/model.go:142.22,144.4 1 0
goa.design/model/expr/model.go:151.61,152.30 1 0
goa.design/model/expr/model.go:157.2,157.12 1 0
goa.design/model/expr/model.go:152.30,153.21 1 0
goa.design/model/expr/model.go:153.21,155.4 1 0
goa.design/model/expr/model.go:162.66,163.38 1 0
goa.design/model/expr/model.go:168.2,168.12 1 0
goa.design/model/expr/model.go:163.38,164.45 1 0
goa.design/model/expr/model.go:164.45,166.4 1 0
goa.design/model/expr/model.go:180.93,182.20 2 0
goa.design/model/expr/model.go:246.2,246.16 1 0
goa.design/model/expr/model.go:183.9,184.28 1 0
goa.design/model/expr/model.go:194.3,194.16 1 0
goa.design/model/expr/model.go:207.9,208.43 1 0
goa.design/model/expr/model.go:215.3,215.16 1 0
goa.design/model/expr/model.go:232.9,233.48 1 0
goa.design/model/expr/model.go:240.3,240.16 1 0
goa.design/model/expr/model.go:243.10,244.52 1 0
goa.design/model/expr/model.go:185.24,186.40 1 0
goa.design/model/expr/model.go:189.19,190.40 1 0
goa.design/model/expr/model.go:186.40,188.5 1 0
goa.design/model/expr/model.go:190.40,192.5 1 0
goa.design/model/expr/model.go:194.16,195.37 1 0
goa.design/model/expr/model.go:195.37,197.5 1 0
goa.design/model/expr/model.go:197.10,197.56 1 0
goa.design/model/expr/model.go:197.56,199.5 1 0
goa.design/model/expr/model.go:199.10,201.21 2 0
goa.design/model/expr/model.go:204.5,204.130 1 0
goa.design/model/expr/model.go:201.21,203.6 1 0
goa.design/model/expr/model.go:208.43,209.44 1 0
goa.design/model/expr/model.go:209.44,210.49 1 0
goa.design/model/expr/model.go:210.49,212.6 1 0
goa.design/model/expr/model.go:215.16,216.49 1 0
goa.design/model/expr/model.go:221.4,221.17 1 0
goa.design/model/expr/model.go:216.49,217.45 1 0
goa.design/model/expr/model.go:217.45,219.6 1 0
goa.design/model/expr/model.go:221.17,222.21 1 0
goa.design/model/expr/model.go:225.5,226.42 2 0
goa.design/model/expr/model.go:229.5,229.164 1 0
goa.design/model/expr/model.go:222.21,224.6 1 0
goa.design/model/expr/model.go:226.42,228.6 1 0
goa.design/model/expr/model.go:233.48,234.44 1 0
goa.design/model/expr/model.go:234.44,235.49 1 0
goa.design/model/expr/model.go:235.49,237.6 1 0
goa.design/model/expr/model.go:240.16,242.4 1 0
goa.design/model/expr/model.go:258.46,260.21 2 0
goa.design/model/expr/model.go:265.2,265.25 1 0
goa.design/model/expr/model.go:268.2,268.47 1 0
goa.design/model/expr/model.go:271.2,271.17 1 0
goa.design/model/expr/model.go:260.21,264.3 3 0
goa.design/model/expr/model.go:265.25,267.3 1 0
goa.design/model/expr/model.go:268.47,269.29 1 0
goa.design/model/expr/model.go:269.29,269.54 2 0
goa.design/model/expr/model.go:284.62,286.21 2 0
goa.design/model/expr/model.go:291.2,291.25 1 0
goa.design/model/expr/model.go:294.2,294.47 1 0
goa.design/model/expr/model.go:297.2,297.17 1 0
goa.design/model/expr/model.go:286.21,290.3 3 0
goa.design/model/expr/model.go:291.25,293.3 1 0
goa.design/model/expr/model.go:294.47,295.29 1 0
goa.design/model/expr/model.go:295.29,295.54 2 0
goa.design/model/expr/model.go:312.70,314.21 2 0
goa.design/model/expr/model.go:319.2,319.25 1 0
goa.design/model/expr/model.go:322.2,322.24 1 0
goa.design/model/expr/model.go:325.2,325.47 1 0
goa.design/model/expr/model.go:328.2,328.17 1 0
goa.design/model/expr/model.go:314.21,318.3 3 0
goa.design/model/expr/model.go:319.25,321.3 1 0
goa.design/model/expr/model.go:322.24,324.3 1 0
goa.design/model/expr/model.go:325.47,326.29 1 0
goa.design/model/expr/model.go:326.29,326.54 2 0
goa.design/model/expr/model.go:336.92,343.40 2 0
goa.design/model/expr/model.go:352.2,353.42 2 0
goa.design/model/expr/model.go:360.2,360.13 1 0
goa.design/model/expr/model.go:366.2,366.26 1 0
goa.design/model/expr/model.go:343.40,344.42 1 0
goa.design/model/expr/model.go:344.42,345.46 1 0
goa.design/model/expr/model.go:345.46,347.5 1 0
goa.design/model/expr/model.go:353.42,354.79 1 0
goa.design/model/expr/model.go:354.79,356.9 2 0
goa.design/model/expr/model.go:360.13,363.3 2 0
goa.design/model/expr/model.go:367.18,368.59 1 0
goa.design/model/expr/model.go:369.18,371.69 2 0
goa.design/model/expr/filtered_views.go:20.43,22.18 2 0
goa.design/model/expr/filtered_views.go:25.2,25.76 1 0
goa.design/model/expr/filtered_views.go:22.18,24.3 1 0
goa.design/model/expr/views.go:164.31,166.2 1 0
goa.design/model/expr/views.go:169.36,171.2 1 0
goa.design/model/expr/views.go:175.35,180.80 2 0
goa.design/model/expr/views.go:198.2,198.39 1 0
goa.design/model/expr/views.go:201.2,201.37 1 0
goa.design/model/expr/views.go:204.2,204.39 1 0
goa.design/model/expr/views.go:208.2,208.32 1 0
goa.design/model/expr/views.go:265.2,265.13 1 0
goa.design/model/expr/views.go:180.80,181.26 1 0
goa.design/model/expr/views.go:181.26,182.42 1 0
goa.design/model/expr/views.go:183.34,183.34 0 0
goa.design/model/expr/views.go:185.20,186.25 1 0
goa.design/model/expr/views.go:189.12,191.24 2 0
goa.design/model/expr/views.go:194.5,194.87 1 0
goa.design/model/expr/views.go:186.25,188.6 1 0
goa.design/model/expr/views.go:191.24,193.6 1 0
goa.design/model/expr/views.go:198.39,200.3 1 0
goa.design/model/expr/views.go:201.37,203.3 1 0
goa.design/model/expr/views.go:204.39,206.3 1 0
goa.design/model/expr/views.go:208.32,212.42 2 0
goa.design/model/expr/views.go:249.3,249.41 1 0
goa.design/model/expr/views.go:253.3,253.38 1 0
goa.design/model/expr/views.go:212.42,224.27 6 0
goa.design/model/expr/views.go:229.4,229.47 1 0
goa.design/model/expr/views.go:243.4,243.31 1 0
goa.design/model/expr/views.go:224.27,227.5 2 0
goa.design/model/expr/views.go:229.47,230.29 1 0
goa.design/model/expr/views.go:233.5,233.84 1 0
goa.design/model/expr/views.go:230.29,232.6 1 0
goa.design/model/expr/views.go:233.84,234.29 1 0
goa.design/model/expr/views.go:240.6,240.30 1 0
goa.design/model/expr/views.go:234.29,239.7 4 0
goa.design/model/expr/views.go:243.31,245.5 1 0
goa.design/model/expr/views.go:249.41,251.4 1 0
goa.design/model/expr/views.go:253.38,255.28 1 0
goa.design/model/expr/views.go:259.4,259.34 1 0
goa.design/model/expr/views.go:255.28,257.5 1 0
goa.design/model/expr/views.go:259.34,261.5 1 0
goa.design/model/expr/views.go:269.29,271.41 1 0
goa.design/model/expr/views.go:277.2,277.32 1 0
goa.design/model/expr/views.go:271.41,272.26 1 0
goa.design/model/expr/views.go:272.26,274.4 1 0
goa.design/model/expr/views.go:277.32,280.16 2 0
goa.design/model/expr/views.go:285.3,285.37 1 0
goa.design/model/expr/views.go:288.3,293.39 3 0
goa.design/model/expr/views.go:296.3,296.44 1 0
goa.design/model/expr/views.go:299.3,299.37 1 0
goa.design/model/expr/views.go:302.3,302.42 1 0
goa.design/model/expr/views.go:305.3,305.25 1 0
goa.design/model/expr/views.go:308.3,308.38 1 0
goa.design/model/expr/views.go:280.16,282.4 1 0
goa.design/model/expr/views.go:282.9,282.27 1 0
goa.design/model/expr/views.go:282.27,284.4 1 0
goa.design/model/expr/views.go:285.37,287.4 1 0
goa.design/model/expr/views.go:293.39,295.4 1 0
goa.design/model/expr/views.go:296.44,298.4 1 0
goa.design/model/expr/views.go:299.37,301.4 1 0
goa.design/model/expr/views.go:302.42,304.4 1 0
goa.design/model/expr/views.go:305.25,307.4 1 0
goa.design/model/expr/views.go:308.38,309.25 1 0
goa.design/model/expr/views.go:309.25,311.45 2 0
goa.design/model/expr/views.go:317.5,317.52 1 0
goa.design/model/expr/views.go:311.45,312.77 1 0
goa.design/model/expr/views.go:312.77,315.7 2 0
goa.design/model/expr/views.go:324.36,325.39 1 0
goa.design/model/expr/views.go:328.2,328.37 1 0
goa.design/model/expr/views.go:331.2,331.39 1 0
goa.design/model/expr/views.go:334.2,334.39 1 0
goa.design/model/expr/views.go:337.2,337.37 1 0
goa.design/model/expr/views.go:340.2,340.40 1 0
goa.design/model/expr/views.go:343.2,343.8 1 0
goa.design/model/expr/views.go:325.39,327.3 1 0
goa.design/model/expr/views.go:328.37,330.3 1 0
goa.design/model/expr/views.go:331.39,333.3 1 0
goa.design/model/expr/views.go:334.39,336.3 1 0
goa.design/model/expr/views.go:337.37,339.3 1 0
goa.design/model/expr/views.go:340.40,342.3 1 0
goa.design/model/expr/views.go:347.66,348.25 1 0
goa.design/model/expr/views.go:353.2,354.12 2 0
goa.design/model/expr/views.go:348.25,349.16 1 0
goa.design/model/expr/views.go:349.16,351.4 1 0
goa.design/model/expr/views.go:358.67,359.32 1 0
goa.design/model/expr/views.go:364.2,364.42 1 0
goa.design/model/expr/views.go:359.32,360.16 1 0
goa.design/model/expr/views.go:360.16,362.4 1 0
goa.design/model/expr/views.go:368.64,369.25 1 0
goa.design/model/expr/views.go:374.2,375.12 2 0
goa.design/model/expr/views.go:369.25,370.16 1 0
goa.design/model/expr/views.go:370.16,372.4 1 0
goa.design/model/expr/views.go:379.65,380.32 1 0
goa.design/model/expr/views.go:385.2,385.42 1 0
goa.design/model/expr/views.go:380.32,381.16 1 0
goa.design/model/expr/views.go:381.16,383.4 1 0
goa.design/model/expr/views.go:389.66,390.25 1 0
goa.design/model/expr/views.go:395.2,396.12 2 0
goa.design/model/expr/views.go:390.25,391.17 1 0
goa.design/model/expr/views.go:391.17,393.4 1 0
goa.design/model/expr/views.go:400.67,401.32 1 0
goa.design/model/expr/views.go:406.2,406.42 1 0
goa.design/model/expr/views.go:401.32,402.17 1 0
goa.design/model/expr/views.go:402.17,404.4 1 0
goa.design/model/expr/views.go:410.66,411.25 1 0
goa.design/model/expr/views.go:416.2,417.12 2 0
goa.design/model/expr/views.go:411.25,412.18 1 0
goa.design/model/expr/views.go:412.18,414.4 1 0
goa.design/model/expr/views.go:421.67,422.32 1 0
goa.design/model/expr/views.go:427.2,427.42 1 0
goa.design/model/expr/views.go:422.32,423.18 1 0
goa.design/model/expr/views.go:423.18,425.4 1 0
goa.design/model/expr/views.go:431.67,433.25 2 0
goa.design/model/expr/views.go:453.2,453.26 1 0
goa.design/model/expr/views.go:462.2,462.12 1 0
goa.design/model/expr/views.go:433.25,434.25 1 0
goa.design/model/expr/views.go:435.24,436.40 1 0
goa.design/model/expr/views.go:439.27,440.106 1 0
goa.design/model/expr/views.go:444.28,446.35 2 0
goa.design/model/expr/views.go:447.11,448.84 1 0
goa.design/model/expr/views.go:436.40,438.5 1 0
goa.design/model/expr/views.go:440.106,443.5 2 0
goa.design/model/expr/views.go:453.26,456.16 3 0
goa.design/model/expr/views.go:456.16,459.4 2 0
goa.design/model/expr/views.go:466.68,467.32 1 0
goa.design/model/expr/views.go:472.2,472.42 1 0
goa.design/model/expr/views.go:467.32,468.17 1 0
goa.design/model/expr/views.go:468.17,470.4 1 0
goa.design/model/expr/views.go:476.36,478.2 1 0
goa.design/model/expr/views.go:481.43,483.2 1 0
goa.design/model/expr/views.go:486.48,488.2 1 0
goa.design/model/expr/views.go:491.34,492.19 1 0
goa.design/model/expr/views.go:496.2,496.14 1 0
goa.design/model/expr/views.go:493.32,494.14 1 0
goa.design/model/expr/views.go:501.35,502.14 1 0
goa.design/model/expr/views.go:505.2,506.11 2 0
goa.design/model/expr/views.go:502.14,504.3 1 0
goa.design/model/expr/views.go:511.36,512.15 1 0
goa.design/model/expr/views.go:515.2,516.11 2 0
goa.design/model/expr/views.go:512.15,514.3 1 0
goa.design/model/expr/views.go:521.35,522.19 1 0
goa.design/model/expr/views.go:526.2,526.14 1 0
goa.design/model/expr/views.go:523.64,524.14 1 0
goa.design/model/expr/views.go:530.54,532.25 1 0
goa.design/model/expr/views.go:532.25,534.37 2 0
goa.design/model/expr/views.go:539.3,539.68 1 0
goa.design/model/expr/views.go:534.37,535.29 1 0
goa.design/model/expr/views.go:535.29,536.18 1 0
goa.design/model/expr/views.go:545.76,547.44 2 0
goa.design/model/expr/views.go:553.2,553.44 1 0
goa.design/model/expr/views.go:557.2,557.31 1 0
goa.design/model/expr/views.go:563.2,563.15 1 0
goa.design/model/expr/views.go:547.44,548.108 1 0
goa.design/model/expr/views.go:548.108,551.4 2 0
goa.design/model/expr/views.go:553.44,556.3 2 0
goa.design/model/expr/views.go:557.31,558.53 1 0
goa.design/model/expr/views.go:558.53,561.4 2 0
goa.design/model/expr/views.go:570.61,572.38 2 0
goa.design/model/expr/views.go:575.2,578.31 3 0
goa.design/model/expr/views.go:605.2,605.24 1 0
goa.design/model/expr/views.go:608.2,611.12 3 0
goa.design/model/expr/views.go:572.38,574.3 1 0
goa.design/model/expr/views.go:578.31,579.15 1 0
goa.design/model/expr/views.go:582.3,583.27 2 0
goa.design/model/expr/views.go:588.3,594.45 4 0
goa.design/model/expr/views.go:599.3,599.19 1 0
goa.design/model/expr/views.go:579.15,581.4 1 0
goa.design/model/expr/views.go:583.27,584.31 1 0
goa.design/model/expr/views.go:584.31,585.18 1 0
goa.design/model/expr/views.go:594.45,596.4 1 0
goa.design/model/expr/views.go:596.9,596.50 1 0
goa.design/model/expr/views.go:596.50,598.4 1 0
goa.design/model/expr/views.go:599.19,603.4 3 0
goa.design/model/expr/views.go:605.24,607.3 1 0
goa.design/model/expr/views.go:616.97,617.36 1 0
goa.design/model/expr/views.go:622.2,622.83 1 0
goa.design/model/expr/views.go:617.36,618.28 1 0
goa.design/model/expr/views.go:618.28,620.4 1 0
goa.design/model/expr/design.go:26.13,28.2 1 1
goa.design/model/expr/design.go:34.48,42.36 4 0
goa.design/model/expr/design.go:46.2,46.36 1 0
goa.design/model/expr/design.go:52.2,54.34 2 0
goa.design/model/expr/design.go:42.36,44.3 1 0
goa.design/model/expr/design.go:46.36,47.34 1 0
goa.design/model/expr/design.go:47.34,49.4 1 0
goa.design/model/expr/design.go:60.38,67.2 1 1
goa.design/model/expr/design.go:70.42,70.75 1 0
goa.design/model/expr/design.go:73.36,73.53 1 1
goa.design/model/expr/design.go:75.68,76.14 1 0
goa.design/model/expr/design.go:79.2,80.22 2 0
goa.design/model/expr/design.go:76.14,78.3 1 0
goa.design/model/expr/design.go:80.22,84.3 3 0
goa.design/model/expr/design.go:88.46,90.2 1 0
goa.design/model/expr/design.go:94.62,96.2 1 0
goa.design/model/expr/design.go:100.67,102.2 1 0
